<?xml version="1.0" encoding="UTF-8"?>
<testsuite name="com.github.query4j.core.PropertyBasedTests" tests="12" skipped="0" failures="0" errors="0" timestamp="2025-09-12T21:30:35" hostname="runnervmf4ws1" time="3.051">
  <properties/>
  <testcase name="randomFieldNamesGenerateValidSQL" classname="com.github.query4j.core.PropertyBasedTests" time="0.717"/>
  <testcase name="nullPredicateGeneratesValidSQL" classname="com.github.query4j.core.PropertyBasedTests" time="0.164"/>
  <testcase name="predicatesAreImmutable" classname="com.github.query4j.core.PropertyBasedTests" time="0.43"/>
  <testcase name="logicalPredicateGeneratesValidSQL" classname="com.github.query4j.core.PropertyBasedTests" time="0.236"/>
  <testcase name="simplePredicateGeneratesValidSQL" classname="com.github.query4j.core.PropertyBasedTests" time="0.173"/>
  <testcase name="queryBuilderGeneratesValidSQL" classname="com.github.query4j.core.PropertyBasedTests" time="0.111"/>
  <testcase name="complexQueryCompositionMaintainsStructure" classname="com.github.query4j.core.PropertyBasedTests" time="0.285"/>
  <testcase name="inPredicateGeneratesValidSQL" classname="com.github.query4j.core.PropertyBasedTests" time="0.293"/>
  <testcase name="multiplePredicatesGenerateUniqueParameters" classname="com.github.query4j.core.PropertyBasedTests" time="0.192"/>
  <testcase name="likePredicateGeneratesValidSQL" classname="com.github.query4j.core.PropertyBasedTests" time="0.168"/>
  <testcase name="builderIsImmutable" classname="com.github.query4j.core.PropertyBasedTests" time="0.092"/>
  <testcase name="betweenPredicateGeneratesValidSQL" classname="com.github.query4j.core.PropertyBasedTests" time="0.18"/>
  <system-out><![CDATA[timestamp = 2025-09-12T21:30:36.122428315, PropertyBasedTests:randomFieldNamesGenerateValidSQL = 
                              |-----------------------jqwik-----------------------
tries = 1000                  | # of calls to property
checks = 1000                 | # of not rejected calls
generation = RANDOMIZED       | parameters are randomly generated
after-failure = SAMPLE_FIRST  | try previously failed sample, then previous seed
when-fixed-seed = ALLOW       | fixing the random seed is allowed
edge-cases#mode = MIXIN       | edge cases are mixed in
edge-cases#total = 8          | # of all combined edge cases
edge-cases#tried = 8          | # of edge cases tried in current run
seed = -390307251127044254    | random seed to reproduce generated values


timestamp = 2025-09-12T21:30:36.294725048, PropertyBasedTests:nullPredicateGeneratesValidSQL = 
                              |-----------------------jqwik-----------------------
tries = 1000                  | # of calls to property
checks = 1000                 | # of not rejected calls
generation = RANDOMIZED       | parameters are randomly generated
after-failure = SAMPLE_FIRST  | try previously failed sample, then previous seed
when-fixed-seed = ALLOW       | fixing the random seed is allowed
edge-cases#mode = MIXIN       | edge cases are mixed in
edge-cases#total = 16         | # of all combined edge cases
edge-cases#tried = 16         | # of edge cases tried in current run
seed = -8904739872906122487   | random seed to reproduce generated values


timestamp = 2025-09-12T21:30:36.727701853, PropertyBasedTests:predicatesAreImmutable = 
                              |-----------------------jqwik-----------------------
tries = 1000                  | # of calls to property
checks = 1000                 | # of not rejected calls
generation = RANDOMIZED       | parameters are randomly generated
after-failure = SAMPLE_FIRST  | try previously failed sample, then previous seed
when-fixed-seed = ALLOW       | fixing the random seed is allowed
edge-cases#mode = MIXIN       | edge cases are mixed in
edge-cases#total = 1056       | # of all combined edge cases
edge-cases#tried = 160        | # of edge cases tried in current run
seed = 3715750756835841515    | random seed to reproduce generated values


timestamp = 2025-09-12T21:30:36.964672034, PropertyBasedTests:logicalPredicateGeneratesValidSQL = 
                              |-----------------------jqwik-----------------------
tries = 1000                  | # of calls to property
checks = 1000                 | # of not rejected calls
generation = RANDOMIZED       | parameters are randomly generated
after-failure = SAMPLE_FIRST  | try previously failed sample, then previous seed
when-fixed-seed = ALLOW       | fixing the random seed is allowed
edge-cases#mode = MIXIN       | edge cases are mixed in
edge-cases#total = 1024       | # of all combined edge cases
edge-cases#tried = 170        | # of edge cases tried in current run
seed = -3275562849471174547   | random seed to reproduce generated values


timestamp = 2025-09-12T21:30:37.139500541, PropertyBasedTests:simplePredicateGeneratesValidSQL = 
                              |-----------------------jqwik-----------------------
tries = 1000                  | # of calls to property
checks = 1000                 | # of not rejected calls
generation = RANDOMIZED       | parameters are randomly generated
after-failure = SAMPLE_FIRST  | try previously failed sample, then previous seed
when-fixed-seed = ALLOW       | fixing the random seed is allowed
edge-cases#mode = MIXIN       | edge cases are mixed in
edge-cases#total = 1056       | # of all combined edge cases
edge-cases#tried = 175        | # of edge cases tried in current run
seed = 2475733109303083545    | random seed to reproduce generated values


timestamp = 2025-09-12T21:30:37.251460668, PropertyBasedTests:queryBuilderGeneratesValidSQL = 
                              |-----------------------jqwik-----------------------
tries = 1000                  | # of calls to property
checks = 1000                 | # of not rejected calls
generation = RANDOMIZED       | parameters are randomly generated
after-failure = SAMPLE_FIRST  | try previously failed sample, then previous seed
when-fixed-seed = ALLOW       | fixing the random seed is allowed
edge-cases#mode = MIXIN       | edge cases are mixed in
edge-cases#total = 176        | # of all combined edge cases
edge-cases#tried = 171        | # of edge cases tried in current run
seed = -4185285529675070291   | random seed to reproduce generated values


timestamp = 2025-09-12T21:30:37.535318092, PropertyBasedTests:complexQueryCompositionMaintainsStructure = 
                              |-----------------------jqwik-----------------------
tries = 1000                  | # of calls to property
checks = 1000                 | # of not rejected calls
generation = RANDOMIZED       | parameters are randomly generated
after-failure = SAMPLE_FIRST  | try previously failed sample, then previous seed
when-fixed-seed = ALLOW       | fixing the random seed is allowed
edge-cases#mode = MIXIN       | edge cases are mixed in
edge-cases#total = 1024       | # of all combined edge cases
edge-cases#tried = 178        | # of edge cases tried in current run
seed = -5320267482425061069   | random seed to reproduce generated values


timestamp = 2025-09-12T21:30:37.829976113, PropertyBasedTests:inPredicateGeneratesValidSQL = 
                              |-----------------------jqwik-----------------------
tries = 1000                  | # of calls to property
checks = 1000                 | # of not rejected calls
generation = RANDOMIZED       | parameters are randomly generated
after-failure = SAMPLE_FIRST  | try previously failed sample, then previous seed
when-fixed-seed = ALLOW       | fixing the random seed is allowed
edge-cases#mode = MIXIN       | edge cases are mixed in
edge-cases#total = 1056       | # of all combined edge cases
edge-cases#tried = 188        | # of edge cases tried in current run
seed = 4099543163731091967    | random seed to reproduce generated values


timestamp = 2025-09-12T21:30:38.022338460, PropertyBasedTests:multiplePredicatesGenerateUniqueParameters = 
                              |-----------------------jqwik-----------------------
tries = 1000                  | # of calls to property
checks = 1000                 | # of not rejected calls
generation = RANDOMIZED       | parameters are randomly generated
after-failure = SAMPLE_FIRST  | try previously failed sample, then previous seed
when-fixed-seed = ALLOW       | fixing the random seed is allowed
edge-cases#mode = MIXIN       | edge cases are mixed in
edge-cases#total = 1024       | # of all combined edge cases
edge-cases#tried = 158        | # of edge cases tried in current run
seed = 5535632040610760265    | random seed to reproduce generated values


timestamp = 2025-09-12T21:30:38.191721534, PropertyBasedTests:likePredicateGeneratesValidSQL = 
                              |-----------------------jqwik-----------------------
tries = 1000                  | # of calls to property
checks = 1000                 | # of not rejected calls
generation = RANDOMIZED       | parameters are randomly generated
after-failure = SAMPLE_FIRST  | try previously failed sample, then previous seed
when-fixed-seed = ALLOW       | fixing the random seed is allowed
edge-cases#mode = MIXIN       | edge cases are mixed in
edge-cases#total = 1008       | # of all combined edge cases
edge-cases#tried = 147        | # of edge cases tried in current run
seed = 42965707283386286      | random seed to reproduce generated values


timestamp = 2025-09-12T21:30:38.284982404, PropertyBasedTests:builderIsImmutable = 
                              |-----------------------jqwik-----------------------
tries = 1000                  | # of calls to property
checks = 1000                 | # of not rejected calls
generation = RANDOMIZED       | parameters are randomly generated
after-failure = SAMPLE_FIRST  | try previously failed sample, then previous seed
when-fixed-seed = ALLOW       | fixing the random seed is allowed
edge-cases#mode = MIXIN       | edge cases are mixed in
edge-cases#total = 176        | # of all combined edge cases
edge-cases#tried = 153        | # of edge cases tried in current run
seed = -5412647590326137970   | random seed to reproduce generated values


timestamp = 2025-09-12T21:30:38.465291481, PropertyBasedTests:betweenPredicateGeneratesValidSQL = 
                              |-----------------------jqwik-----------------------
tries = 1000                  | # of calls to property
checks = 850                  | # of not rejected calls
generation = RANDOMIZED       | parameters are randomly generated
after-failure = SAMPLE_FIRST  | try previously failed sample, then previous seed
when-fixed-seed = ALLOW       | fixing the random seed is allowed
edge-cases#mode = MIXIN       | edge cases are mixed in
edge-cases#total = 1056       | # of all combined edge cases
edge-cases#tried = 150        | # of edge cases tried in current run
seed = 4117614584174607485    | random seed to reproduce generated values


]]></system-out>
  <system-err><![CDATA[Sep 12, 2025 9:30:36 PM net.jqwik.engine.properties.RandomizedShrinkablesGenerator logEdgeCasesOutnumberTriesIfApplicable
INFO: Edge case generation exceeds number of tries. Stopped after 1056 generated cases.
Sep 12, 2025 9:30:36 PM net.jqwik.engine.properties.RandomizedShrinkablesGenerator logEdgeCasesOutnumberTriesIfApplicable
INFO: Edge case generation exceeds number of tries. Stopped after 1024 generated cases.
Sep 12, 2025 9:30:36 PM net.jqwik.engine.properties.RandomizedShrinkablesGenerator logEdgeCasesOutnumberTriesIfApplicable
INFO: Edge case generation exceeds number of tries. Stopped after 1056 generated cases.
Sep 12, 2025 9:30:37 PM net.jqwik.engine.properties.RandomizedShrinkablesGenerator logEdgeCasesOutnumberTriesIfApplicable
INFO: Edge case generation exceeds number of tries. Stopped after 1024 generated cases.
Sep 12, 2025 9:30:37 PM net.jqwik.engine.properties.RandomizedShrinkablesGenerator logEdgeCasesOutnumberTriesIfApplicable
INFO: Edge case generation exceeds number of tries. Stopped after 1056 generated cases.
Sep 12, 2025 9:30:37 PM net.jqwik.engine.properties.RandomizedShrinkablesGenerator logEdgeCasesOutnumberTriesIfApplicable
INFO: Edge case generation exceeds number of tries. Stopped after 1024 generated cases.
Sep 12, 2025 9:30:38 PM net.jqwik.engine.properties.RandomizedShrinkablesGenerator logEdgeCasesOutnumberTriesIfApplicable
INFO: Edge case generation exceeds number of tries. Stopped after 1008 generated cases.
Sep 12, 2025 9:30:38 PM net.jqwik.engine.properties.RandomizedShrinkablesGenerator logEdgeCasesOutnumberTriesIfApplicable
INFO: Edge case generation exceeds number of tries. Stopped after 1056 generated cases.
]]></system-err>
</testsuite>
